commit 58468c5c4d620b069992edbd8d7efbe83816bf5c
Merge: 4088e24 cbc4464
Author: y398 <181825694+y398@users.noreply.github.com>
Date:   Mon May 19 14:31:37 2025 +0900

    Merge branch 'main' of https://github.com/y398/20250519-git-workshop

commit 4088e240c37ab90a6db0a294b1ddf6912e2ed430
Author: y398 <181825694+y398@users.noreply.github.com>
Date:   Mon May 19 14:25:15 2025 +0900

    ピースの色を変更
    
    blueをskyblueに変更

commit cbc4464251c0ff6c2066dde7868b54ceff807f3d
Author: y398 <181825694+y398@users.noreply.github.com>
Date:   Mon May 19 14:18:45 2025 +0900

    ピースの色を変更
    
    cyanをskyblueに変更

commit 700b5bf8ff4efe099cd293883d3ffa6b326d52b0
Author: y398 <181825694+y398@users.noreply.github.com>
Date:   Mon May 19 14:14:44 2025 +0900

    ピースが落ちてくる速度を変更
    
    少し遅く変更

commit a73cde9ef70b8c3811700be26c5b75152f790e0d
Author: y398 <181825694+y398@users.noreply.github.com>
Date:   Mon May 19 14:06:48 2025 +0900

    ピースの色を変更
    
    深緑を明るい緑に変更

commit e87dcfd5a5e75260ef23cb90ca911f20faf947c9
Author: y398 <181825694+y398@users.noreply.github.com>
Date:   Mon May 19 13:43:16 2025 +0900

    canvas-tetrisのソースコードをインポート
